<?xml version="1.0" encoding="UTF-8"?>
<!DOCTYPE mapper PUBLIC "-//mybatis.org//DTD Mapper 3.0//EN" "http://mybatis.org/dtd/mybatis-3-mapper.dtd">
<!-- create by autoCode,v1.0.0 -->
<mapper namespace="com.caopan.TrainSys.biz.dao.TestDao">
	<resultMap id="questionResultMap" type="com.caopan.TrainSys.model.Question">
		<id property="quesId" column="quesId"/>
		<result property="quesContent" column="quesContent"/>
		<result property="quesType" column="quesType"/>
		<result property="vCourseId" column="vCourseId"/>
	</resultMap>
	<resultMap id="selectionResultMap" type="com.caopan.TrainSys.model.Selection">
		<id property="selectionId" column="selectionId"/>
		<result property="selectionContent" column="selectionContent"/>
		<result property="isRight" column="isRight"/>
		<result property="quesId" column="quesId"/>
	</resultMap>

	<delete id="delete" parameterType="Long">
		delete from test where testId=#{testId}
	</delete>

	<select id="getQuestionRandly" resultMap="questionResultMap" parameterType="java.lang.Integer">
		SELECT * FROM question where vCourseId =#{vCourseId} order by rand() LIMIT 2;
	</select>

	<select id="getQuesByquesId" parameterType="long" resultMap="questionResultMap">
		SELECT * FROM question WHERE quesId=#{quesId} LIMIT 1
	</select>

	<select id="getSelectionByquesId" parameterType="long" resultMap="selectionResultMap">
		SELECT * FROM selection WHERE quesId=#{quesId}
	</select>
</mapper>